Base path: /Applications/Unity/Unity.app/Contents
Pipe name: \\.\pipe\UnityShaderCompiler-64bit-1-2102780672
Cmd: getPlatforms
Cmd: compileSnippet
  api=0 type=0 insize=1738 outsize=567 kw=SOFTPARTICLES_OFF ok=1
Cmd: compileSnippet
  api=0 type=1 insize=1738 outsize=6 kw=SOFTPARTICLES_OFF ok=1
Cmd: compileSnippet
  api=0 type=0 insize=1811 outsize=688 kw=SOFTPARTICLES_OFF ok=1
Cmd: compileSnippet
  api=0 type=1 insize=1811 outsize=6 kw=SOFTPARTICLES_OFF ok=1
Cmd: compileSnippet
  api=0 type=0 insize=751 outsize=1880 kw=SHADOWS_DEPTH ok=1
Cmd: compileSnippet
  api=0 type=1 insize=751 outsize=6 kw=SHADOWS_DEPTH ok=1
Cmd: compileSnippet
  api=0 type=0 insize=977 outsize=9548 kw=DIRECTIONAL SHADOWS_OFF LIGHTMAP_OFF DIRLIGHTMAP_OFF DYNAMICLIGHTMAP_OFF ok=1
Cmd: compileSnippet
  api=0 type=1 insize=977 outsize=6 kw=DIRECTIONAL SHADOWS_OFF LIGHTMAP_OFF DIRLIGHTMAP_OFF DYNAMICLIGHTMAP_OFF ok=1
Cmd: compileSnippet
  api=0 type=0 insize=934 outsize=5423 kw=DIRECTIONAL SHADOWS_OFF ok=1
Cmd: compileSnippet
  api=0 type=1 insize=934 outsize=6 kw=DIRECTIONAL SHADOWS_OFF ok=1
Cmd: compileSnippet
  api=0 type=0 insize=526 outsize=2853 kw= ok=1
Cmd: compileSnippet
  api=0 type=1 insize=526 outsize=6 kw= ok=1
Cmd: compileSnippet
  api=0 type=0 insize=966 outsize=587 kw= ok=1
Cmd: compileSnippet
  api=0 type=1 insize=966 outsize=6 kw= ok=1
Cmd: preprocess
  insize=1248 outsize=340 ok=1
Cmd: compileSnippet
  api=0 type=0 insize=1210 outsize=727 kw= ok=1
Cmd: compileSnippet
  api=0 type=1 insize=1210 outsize=6 kw= ok=1
